2023-07-28T18:05:59+00:00 CRITICAL Uncaught Error: Call to undefined function PHPMailer\PHPMailer\mail() in /home/katidias/public_html/wp-includes/PHPMailer/PHPMailer.php:874
Stack trace:
#0 /home/katidias/public_html/wp-includes/PHPMailer/PHPMailer.php(1961): PHPMailer\PHPMailer\PHPMailer->mailPassthru()
#1 /home/katidias/public_html/wp-includes/PHPMailer/PHPMailer.php(1682): PHPMailer\PHPMailer\PHPMailer->mailSend()
#2 /home/katidias/public_html/wp-includes/PHPMailer/PHPMailer.php(1518): PHPMailer\PHPMailer\PHPMailer->postSend()
#3 /home/katidias/public_html/wp-includes/pluggable.php(544): PHPMailer\PHPMailer\PHPMailer->send()
#4 /home/katidias/public_html/wp-content/plugins/woocommerce/includes/emails/class-wc-email.php(704): wp_mail()
#5 /home/katidias/public_html/wp-content/plugins/woocommerce/includes/emails/class-wc-email-customer-completed-order.php(69): WC_Email->send()
#6 /home/katidias/public_html/wp-includes/class-wp-hook.php(308): WC_Email_Customer_Completed_Order->trigger()
#7 /home/katidias/public_html/wp-includes/class-wp-hook.php(332): WP_Hook->apply_filters()
#8 /home/katidias/public_html/wp-includes/plugin.php(565): WP_Hook->do_action()
#9 /home/katidias/public_html/wp-content/plugins/woocommerce/includes/class-wc-emails.php(170): do_action_ref_array()
#10 /home/katidias/public_html/wp-includes/class-wp-hook.php(308): WC_Emails::send_transactional_email()
#11 /home/katidias/public_html/wp-includes/class-wp-hook.php(332): WP_Hook->apply_filters()
#12 /home/katidias/public_html/wp-includes/plugin.php(517): WP_Hook->do_action()
#13 /home/katidias/public_html/wp-content/plugins/woocommerce/includes/class-wc-order.php(395): do_action()
#14 /home/katidias/public_html/wp-content/plugins/woocommerce/includes/class-wc-order.php(253): WC_Order->status_transition()
#15 /home/katidias/public_html/wp-content/plugins/woocommerce/includes/class-wc-order.php(151): WC_Order->save()
#16 /home/katidias/public_html/wp-content/plugins/woocommerce-gateway-stripe/includes/abstracts/abstract-wc-stripe-payment-gateway.php(547): WC_Order->payment_complete()
#17 /home/katidias/public_html/wp-content/plugins/woocommerce-gateway-stripe/includes/class-wc-gateway-stripe.php(470): WC_Stripe_Payment_Gateway->process_response()
#18 /home/katidias/public_html/wp-content/plugins/woocommerce/includes/class-wc-checkout.php(1050): WC_Gateway_Stripe->process_payment()
#19 /home/katidias/public_html/wp-content/plugins/woocommerce/includes/class-wc-checkout.php(1279): WC_Checkout->process_order_payment()
#20 /home/katidias/public_html/wp-content/plugins/woocommerce/includes/class-wc-ajax.php(508): WC_Checkout->process_checkout()
#21 /home/katidias/public_html/wp-includes/class-wp-hook.php(308): WC_AJAX::checkout()
#22 /home/katidias/public_html/wp-includes/class-wp-hook.php(332): WP_Hook->apply_filters()
#23 /home/katidias/public_html/wp-includes/plugin.php(517): WP_Hook->do_action()
#24 /home/katidias/public_html/wp-content/plugins/woocommerce/includes/class-wc-ajax.php(96): do_action()
#25 /home/katidias/public_html/wp-includes/class-wp-hook.php(308): WC_AJAX::do_wc_ajax()
#26 /home/katidias/public_html/wp-includes/class-wp-hook.php(332): WP_Hook->apply_filters()
#27 /home/katidias/public_html/wp-includes/plugin.php(517): WP_Hook->do_action()
#28 /home/katidias/public_html/wp-includes/template-loader.php(13): do_action()
#29 /home/katidias/public_html/wp-blog-header.php(19): require_once('/home/katidias/...')
#30 /home/katidias/public_html/index.php(17): require('/home/katidias/...')
#31 {main}
  thrown em /home/katidias/public_html/wp-includes/PHPMailer/PHPMailer.php na linha 874

2023-07-28T18:06:23+00:00 CRITICAL Uncaught Error: Call to undefined function PHPMailer\PHPMailer\mail() in /home/katidias/public_html/wp-includes/PHPMailer/PHPMailer.php:874
Stack trace:
#0 /home/katidias/public_html/wp-includes/PHPMailer/PHPMailer.php(1961): PHPMailer\PHPMailer\PHPMailer->mailPassthru()
#1 /home/katidias/public_html/wp-includes/PHPMailer/PHPMailer.php(1682): PHPMailer\PHPMailer\PHPMailer->mailSend()
#2 /home/katidias/public_html/wp-includes/PHPMailer/PHPMailer.php(1518): PHPMailer\PHPMailer\PHPMailer->postSend()
#3 /home/katidias/public_html/wp-includes/pluggable.php(544): PHPMailer\PHPMailer\PHPMailer->send()
#4 /home/katidias/public_html/wp-content/plugins/woocommerce/includes/emails/class-wc-email.php(704): wp_mail()
#5 /home/katidias/public_html/wp-content/plugins/woocommerce/includes/emails/class-wc-email-customer-completed-order.php(69): WC_Email->send()
#6 /home/katidias/public_html/wp-includes/class-wp-hook.php(308): WC_Email_Customer_Completed_Order->trigger()
#7 /home/katidias/public_html/wp-includes/class-wp-hook.php(332): WP_Hook->apply_filters()
#8 /home/katidias/public_html/wp-includes/plugin.php(565): WP_Hook->do_action()
#9 /home/katidias/public_html/wp-content/plugins/woocommerce/includes/class-wc-emails.php(170): do_action_ref_array()
#10 /home/katidias/public_html/wp-includes/class-wp-hook.php(308): WC_Emails::send_transactional_email()
#11 /home/katidias/public_html/wp-includes/class-wp-hook.php(332): WP_Hook->apply_filters()
#12 /home/katidias/public_html/wp-includes/plugin.php(517): WP_Hook->do_action()
#13 /home/katidias/public_html/wp-content/plugins/woocommerce/includes/class-wc-order.php(395): do_action()
#14 /home/katidias/public_html/wp-content/plugins/woocommerce/includes/class-wc-order.php(253): WC_Order->status_transition()
#15 /home/katidias/public_html/wp-content/plugins/woocommerce/includes/class-wc-order.php(151): WC_Order->save()
#16 /home/katidias/public_html/wp-content/plugins/woo-stripe-payment/includes/abstract/abstract-wc-stripe-payment.php(114): WC_Order->payment_complete()
#17 /home/katidias/public_html/wp-content/plugins/woo-stripe-payment/includes/abstract/abstract-wc-payment-gateway-stripe.php(410): WC_Stripe_Payment->payment_complete()
#18 /home/katidias/public_html/wp-content/plugins/woocommerce/includes/class-wc-checkout.php(1050): WC_Payment_Gateway_Stripe->process_payment()
#19 /home/katidias/public_html/wp-content/plugins/woocommerce/includes/class-wc-checkout.php(1279): WC_Checkout->process_order_payment()
#20 /home/katidias/public_html/wp-content/plugins/woocommerce/includes/class-wc-ajax.php(508): WC_Checkout->process_checkout()
#21 /home/katidias/public_html/wp-includes/class-wp-hook.php(308): WC_AJAX::checkout()
#22 /home/katidias/public_html/wp-includes/class-wp-hook.php(332): WP_Hook->apply_filters()
#23 /home/katidias/public_html/wp-includes/plugin.php(517): WP_Hook->do_action()
#24 /home/katidias/public_html/wp-content/plugins/woocommerce/includes/class-wc-ajax.php(96): do_action()
#25 /home/katidias/public_html/wp-includes/class-wp-hook.php(308): WC_AJAX::do_wc_ajax()
#26 /home/katidias/public_html/wp-includes/class-wp-hook.php(332): WP_Hook->apply_filters()
#27 /home/katidias/public_html/wp-includes/plugin.php(517): WP_Hook->do_action()
#28 /home/katidias/public_html/wp-includes/template-loader.php(13): do_action()
#29 /home/katidias/public_html/wp-blog-header.php(19): require_once('/home/katidias/...')
#30 /home/katidias/public_html/index.php(17): require('/home/katidias/...')
#31 {main}
  thrown em /home/katidias/public_html/wp-includes/PHPMailer/PHPMailer.php na linha 874

2023-07-28T18:07:34+00:00 CRITICAL Uncaught Error: Call to undefined function PHPMailer\PHPMailer\mail() in /home/katidias/public_html/wp-includes/PHPMailer/PHPMailer.php:874
Stack trace:
#0 /home/katidias/public_html/wp-includes/PHPMailer/PHPMailer.php(1961): PHPMailer\PHPMailer\PHPMailer->mailPassthru()
#1 /home/katidias/public_html/wp-includes/PHPMailer/PHPMailer.php(1682): PHPMailer\PHPMailer\PHPMailer->mailSend()
#2 /home/katidias/public_html/wp-includes/PHPMailer/PHPMailer.php(1518): PHPMailer\PHPMailer\PHPMailer->postSend()
#3 /home/katidias/public_html/wp-includes/pluggable.php(544): PHPMailer\PHPMailer\PHPMailer->send()
#4 /home/katidias/public_html/wp-content/plugins/woocommerce/includes/emails/class-wc-email.php(704): wp_mail()
#5 /home/katidias/public_html/wp-content/plugins/woocommerce/includes/emails/class-wc-email-customer-completed-order.php(69): WC_Email->send()
#6 /home/katidias/public_html/wp-includes/class-wp-hook.php(308): WC_Email_Customer_Completed_Order->trigger()
#7 /home/katidias/public_html/wp-includes/class-wp-hook.php(332): WP_Hook->apply_filters()
#8 /home/katidias/public_html/wp-includes/plugin.php(565): WP_Hook->do_action()
#9 /home/katidias/public_html/wp-content/plugins/woocommerce/includes/class-wc-emails.php(170): do_action_ref_array()
#10 /home/katidias/public_html/wp-includes/class-wp-hook.php(308): WC_Emails::send_transactional_email()
#11 /home/katidias/public_html/wp-includes/class-wp-hook.php(332): WP_Hook->apply_filters()
#12 /home/katidias/public_html/wp-includes/plugin.php(517): WP_Hook->do_action()
#13 /home/katidias/public_html/wp-content/plugins/woocommerce/includes/class-wc-order.php(395): do_action()
#14 /home/katidias/public_html/wp-content/plugins/woocommerce/includes/class-wc-order.php(253): WC_Order->status_transition()
#15 /home/katidias/public_html/wp-content/plugins/woocommerce/includes/class-wc-order.php(151): WC_Order->save()
#16 /home/katidias/public_html/wp-content/plugins/woocommerce-gateway-stripe/includes/abstracts/abstract-wc-stripe-payment-gateway.php(547): WC_Order->payment_complete()
#17 /home/katidias/public_html/wp-content/plugins/woocommerce-gateway-stripe/includes/class-wc-gateway-stripe.php(470): WC_Stripe_Payment_Gateway->process_response()
#18 /home/katidias/public_html/wp-content/plugins/woocommerce/includes/class-wc-checkout.php(1050): WC_Gateway_Stripe->process_payment()
#19 /home/katidias/public_html/wp-content/plugins/woocommerce/includes/class-wc-checkout.php(1279): WC_Checkout->process_order_payment()
#20 /home/katidias/public_html/wp-content/plugins/woocommerce/includes/class-wc-ajax.php(508): WC_Checkout->process_checkout()
#21 /home/katidias/public_html/wp-includes/class-wp-hook.php(308): WC_AJAX::checkout()
#22 /home/katidias/public_html/wp-includes/class-wp-hook.php(332): WP_Hook->apply_filters()
#23 /home/katidias/public_html/wp-includes/plugin.php(517): WP_Hook->do_action()
#24 /home/katidias/public_html/wp-content/plugins/woocommerce/includes/class-wc-ajax.php(96): do_action()
#25 /home/katidias/public_html/wp-includes/class-wp-hook.php(308): WC_AJAX::do_wc_ajax()
#26 /home/katidias/public_html/wp-includes/class-wp-hook.php(332): WP_Hook->apply_filters()
#27 /home/katidias/public_html/wp-includes/plugin.php(517): WP_Hook->do_action()
#28 /home/katidias/public_html/wp-includes/template-loader.php(13): do_action()
#29 /home/katidias/public_html/wp-blog-header.php(19): require_once('/home/katidias/...')
#30 /home/katidias/public_html/index.php(17): require('/home/katidias/...')
#31 {main}
  thrown em /home/katidias/public_html/wp-includes/PHPMailer/PHPMailer.php na linha 874

2023-07-28T18:20:38+00:00 CRITICAL Uncaught Error: Call to undefined function PHPMailer\PHPMailer\mail() in /home/katidias/public_html/wp-includes/PHPMailer/PHPMailer.php:874
Stack trace:
#0 /home/katidias/public_html/wp-includes/PHPMailer/PHPMailer.php(1961): PHPMailer\PHPMailer\PHPMailer->mailPassthru()
#1 /home/katidias/public_html/wp-includes/PHPMailer/PHPMailer.php(1682): PHPMailer\PHPMailer\PHPMailer->mailSend()
#2 /home/katidias/public_html/wp-includes/PHPMailer/PHPMailer.php(1518): PHPMailer\PHPMailer\PHPMailer->postSend()
#3 /home/katidias/public_html/wp-includes/pluggable.php(544): PHPMailer\PHPMailer\PHPMailer->send()
#4 /home/katidias/public_html/wp-content/plugins/woocommerce/includes/emails/class-wc-email.php(704): wp_mail()
#5 /home/katidias/public_html/wp-content/plugins/woocommerce/includes/emails/class-wc-email-customer-completed-order.php(69): WC_Email->send()
#6 /home/katidias/public_html/wp-includes/class-wp-hook.php(308): WC_Email_Customer_Completed_Order->trigger()
#7 /home/katidias/public_html/wp-includes/class-wp-hook.php(332): WP_Hook->apply_filters()
#8 /home/katidias/public_html/wp-includes/plugin.php(565): WP_Hook->do_action()
#9 /home/katidias/public_html/wp-content/plugins/woocommerce/includes/class-wc-emails.php(170): do_action_ref_array()
#10 /home/katidias/public_html/wp-includes/class-wp-hook.php(308): WC_Emails::send_transactional_email()
#11 /home/katidias/public_html/wp-includes/class-wp-hook.php(332): WP_Hook->apply_filters()
#12 /home/katidias/public_html/wp-includes/plugin.php(517): WP_Hook->do_action()
#13 /home/katidias/public_html/wp-content/plugins/woocommerce/includes/class-wc-order.php(395): do_action()
#14 /home/katidias/public_html/wp-content/plugins/woocommerce/includes/class-wc-order.php(253): WC_Order->status_transition()
#15 /home/katidias/public_html/wp-content/plugins/woocommerce/includes/class-wc-order.php(151): WC_Order->save()
#16 /home/katidias/public_html/wp-content/plugins/woocommerce-gateway-stripe/includes/abstracts/abstract-wc-stripe-payment-gateway.php(547): WC_Order->payment_complete()
#17 /home/katidias/public_html/wp-content/plugins/woocommerce-gateway-stripe/includes/class-wc-gateway-stripe.php(470): WC_Stripe_Payment_Gateway->process_response()
#18 /home/katidias/public_html/wp-content/plugins/woocommerce/includes/class-wc-checkout.php(1050): WC_Gateway_Stripe->process_payment()
#19 /home/katidias/public_html/wp-content/plugins/woocommerce/includes/class-wc-checkout.php(1279): WC_Checkout->process_order_payment()
#20 /home/katidias/public_html/wp-content/plugins/woocommerce/includes/class-wc-ajax.php(508): WC_Checkout->process_checkout()
#21 /home/katidias/public_html/wp-includes/class-wp-hook.php(308): WC_AJAX::checkout()
#22 /home/katidias/public_html/wp-includes/class-wp-hook.php(332): WP_Hook->apply_filters()
#23 /home/katidias/public_html/wp-includes/plugin.php(517): WP_Hook->do_action()
#24 /home/katidias/public_html/wp-content/plugins/woocommerce/includes/class-wc-ajax.php(96): do_action()
#25 /home/katidias/public_html/wp-includes/class-wp-hook.php(308): WC_AJAX::do_wc_ajax()
#26 /home/katidias/public_html/wp-includes/class-wp-hook.php(332): WP_Hook->apply_filters()
#27 /home/katidias/public_html/wp-includes/plugin.php(517): WP_Hook->do_action()
#28 /home/katidias/public_html/wp-includes/template-loader.php(13): do_action()
#29 /home/katidias/public_html/wp-blog-header.php(19): require_once('/home/katidias/...')
#30 /home/katidias/public_html/index.php(17): require('/home/katidias/...')
#31 {main}
  thrown em /home/katidias/public_html/wp-includes/PHPMailer/PHPMailer.php na linha 874

2023-07-28T18:41:46+00:00 CRITICAL Uncaught WCPay\Exceptions\API_Exception: Error: Accounts do not currently support `card_payments` without `transfers`. Please visit https://stripe.com/docs/connect/account-capabilities#card-payments for more details. in /home/katidias/public_html/wp-content/plugins/woocommerce-payments/includes/wc-payment-api/class-wc-payments-api-client.php:2009
Stack trace:
#0 /home/katidias/public_html/wp-content/plugins/woocommerce-payments/includes/wc-payment-api/class-wc-payments-api-client.php(1835): WC_Payments_API_Client->check_response_for_errors()
#1 /home/katidias/public_html/wp-content/plugins/woocommerce-payments/includes/wc-payment-api/class-wc-payments-api-client.php(876): WC_Payments_API_Client->request()
#2 /home/katidias/public_html/wp-content/plugins/woocommerce-payments/includes/admin/class-wc-rest-payments-settings-controller.php(554): WC_Payments_API_Client->request_capability()
#3 /home/katidias/public_html/wp-content/plugins/woocommerce-payments/includes/admin/class-wc-rest-payments-settings-controller.php(535): WC_REST_Payments_Settings_Controller->request_unrequested_payment_methods()
#4 /home/katidias/public_html/wp-content/plugins/woocommerce-payments/includes/admin/class-wc-rest-payments-settings-controller.php(445): WC_REST_Payments_Settings_Controller->update_enabled_payment_methods()
#5 /home/katidias/public_html/wp-includes/rest-api/class-wp-rest-server.php(1181): WC_REST_Payments_Settings_Controller->update_settings()
#6 /home/katidias/public_html/wp-includes/rest-api/class-wp-rest-server.php(1028): WP_REST_Server->respond_to_request()
#7 /home/katidias/public_html/wp-includes/rest-api/class-wp-rest-server.php(442): WP_REST_Server->dispatch()
#8 /home/katidias/public_html/wp-includes/rest-api.php(410): WP_REST_Server->serve_request()
#9 /home/katidias/public_html/wp-includes/class-wp-hook.php(308): rest_api_loaded()
#10 /home/katidias/public_html/wp-includes/class-wp-hook.php(332): WP_Hook->apply_filters()
#11 /home/katidias/public_html/wp-includes/plugin.php(565): WP_Hook->do_action()
#12 /home/katidias/public_html/wp-includes/class-wp.php(399): do_action_ref_array()
#13 /home/katidias/public_html/wp-includes/class-wp.php(780): WP->parse_request()
#14 /home/katidias/public_html/wp-includes/functions.php(1334): WP->main()
#15 /home/katidias/public_html/wp-blog-header.php(16): wp()
#16 /home/katidias/public_html/index.php(17): require('/home/katidias/...')
#17 {main}
  thrown em /home/katidias/public_html/wp-content/plugins/woocommerce-payments/includes/wc-payment-api/class-wc-payments-api-client.php na linha 2009

2023-07-28T18:43:02+00:00 CRITICAL Uncaught WCPay\Exceptions\API_Exception: Error: Accounts do not currently support `card_payments` without `transfers`. Please visit https://stripe.com/docs/connect/account-capabilities#card-payments for more details. in /home/katidias/public_html/wp-content/plugins/woocommerce-payments/includes/wc-payment-api/class-wc-payments-api-client.php:2009
Stack trace:
#0 /home/katidias/public_html/wp-content/plugins/woocommerce-payments/includes/wc-payment-api/class-wc-payments-api-client.php(1835): WC_Payments_API_Client->check_response_for_errors()
#1 /home/katidias/public_html/wp-content/plugins/woocommerce-payments/includes/wc-payment-api/class-wc-payments-api-client.php(876): WC_Payments_API_Client->request()
#2 /home/katidias/public_html/wp-content/plugins/woocommerce-payments/includes/admin/class-wc-rest-payments-settings-controller.php(554): WC_Payments_API_Client->request_capability()
#3 /home/katidias/public_html/wp-content/plugins/woocommerce-payments/includes/admin/class-wc-rest-payments-settings-controller.php(535): WC_REST_Payments_Settings_Controller->request_unrequested_payment_methods()
#4 /home/katidias/public_html/wp-content/plugins/woocommerce-payments/includes/admin/class-wc-rest-payments-settings-controller.php(445): WC_REST_Payments_Settings_Controller->update_enabled_payment_methods()
#5 /home/katidias/public_html/wp-includes/rest-api/class-wp-rest-server.php(1181): WC_REST_Payments_Settings_Controller->update_settings()
#6 /home/katidias/public_html/wp-includes/rest-api/class-wp-rest-server.php(1028): WP_REST_Server->respond_to_request()
#7 /home/katidias/public_html/wp-includes/rest-api/class-wp-rest-server.php(442): WP_REST_Server->dispatch()
#8 /home/katidias/public_html/wp-includes/rest-api.php(410): WP_REST_Server->serve_request()
#9 /home/katidias/public_html/wp-includes/class-wp-hook.php(308): rest_api_loaded()
#10 /home/katidias/public_html/wp-includes/class-wp-hook.php(332): WP_Hook->apply_filters()
#11 /home/katidias/public_html/wp-includes/plugin.php(565): WP_Hook->do_action()
#12 /home/katidias/public_html/wp-includes/class-wp.php(399): do_action_ref_array()
#13 /home/katidias/public_html/wp-includes/class-wp.php(780): WP->parse_request()
#14 /home/katidias/public_html/wp-includes/functions.php(1334): WP->main()
#15 /home/katidias/public_html/wp-blog-header.php(16): wp()
#16 /home/katidias/public_html/index.php(17): require('/home/katidias/...')
#17 {main}
  thrown em /home/katidias/public_html/wp-content/plugins/woocommerce-payments/includes/wc-payment-api/class-wc-payments-api-client.php na linha 2009

2023-07-28T18:43:21+00:00 CRITICAL Uncaught WCPay\Exceptions\API_Exception: Error: Accounts do not currently support `card_payments` without `transfers`. Please visit https://stripe.com/docs/connect/account-capabilities#card-payments for more details. in /home/katidias/public_html/wp-content/plugins/woocommerce-payments/includes/wc-payment-api/class-wc-payments-api-client.php:2009
Stack trace:
#0 /home/katidias/public_html/wp-content/plugins/woocommerce-payments/includes/wc-payment-api/class-wc-payments-api-client.php(1835): WC_Payments_API_Client->check_response_for_errors()
#1 /home/katidias/public_html/wp-content/plugins/woocommerce-payments/includes/wc-payment-api/class-wc-payments-api-client.php(876): WC_Payments_API_Client->request()
#2 /home/katidias/public_html/wp-content/plugins/woocommerce-payments/includes/admin/class-wc-rest-payments-settings-controller.php(554): WC_Payments_API_Client->request_capability()
#3 /home/katidias/public_html/wp-content/plugins/woocommerce-payments/includes/admin/class-wc-rest-payments-settings-controller.php(535): WC_REST_Payments_Settings_Controller->request_unrequested_payment_methods()
#4 /home/katidias/public_html/wp-content/plugins/woocommerce-payments/includes/admin/class-wc-rest-payments-settings-controller.php(445): WC_REST_Payments_Settings_Controller->update_enabled_payment_methods()
#5 /home/katidias/public_html/wp-includes/rest-api/class-wp-rest-server.php(1181): WC_REST_Payments_Settings_Controller->update_settings()
#6 /home/katidias/public_html/wp-includes/rest-api/class-wp-rest-server.php(1028): WP_REST_Server->respond_to_request()
#7 /home/katidias/public_html/wp-includes/rest-api/class-wp-rest-server.php(442): WP_REST_Server->dispatch()
#8 /home/katidias/public_html/wp-includes/rest-api.php(410): WP_REST_Server->serve_request()
#9 /home/katidias/public_html/wp-includes/class-wp-hook.php(308): rest_api_loaded()
#10 /home/katidias/public_html/wp-includes/class-wp-hook.php(332): WP_Hook->apply_filters()
#11 /home/katidias/public_html/wp-includes/plugin.php(565): WP_Hook->do_action()
#12 /home/katidias/public_html/wp-includes/class-wp.php(399): do_action_ref_array()
#13 /home/katidias/public_html/wp-includes/class-wp.php(780): WP->parse_request()
#14 /home/katidias/public_html/wp-includes/functions.php(1334): WP->main()
#15 /home/katidias/public_html/wp-blog-header.php(16): wp()
#16 /home/katidias/public_html/index.php(17): require('/home/katidias/...')
#17 {main}
  thrown em /home/katidias/public_html/wp-content/plugins/woocommerce-payments/includes/wc-payment-api/class-wc-payments-api-client.php na linha 2009

2023-07-28T18:43:36+00:00 CRITICAL Uncaught WCPay\Exceptions\API_Exception: Error: Accounts do not currently support `card_payments` without `transfers`. Please visit https://stripe.com/docs/connect/account-capabilities#card-payments for more details. in /home/katidias/public_html/wp-content/plugins/woocommerce-payments/includes/wc-payment-api/class-wc-payments-api-client.php:2009
Stack trace:
#0 /home/katidias/public_html/wp-content/plugins/woocommerce-payments/includes/wc-payment-api/class-wc-payments-api-client.php(1835): WC_Payments_API_Client->check_response_for_errors()
#1 /home/katidias/public_html/wp-content/plugins/woocommerce-payments/includes/wc-payment-api/class-wc-payments-api-client.php(876): WC_Payments_API_Client->request()
#2 /home/katidias/public_html/wp-content/plugins/woocommerce-payments/includes/admin/class-wc-rest-payments-settings-controller.php(554): WC_Payments_API_Client->request_capability()
#3 /home/katidias/public_html/wp-content/plugins/woocommerce-payments/includes/admin/class-wc-rest-payments-settings-controller.php(535): WC_REST_Payments_Settings_Controller->request_unrequested_payment_methods()
#4 /home/katidias/public_html/wp-content/plugins/woocommerce-payments/includes/admin/class-wc-rest-payments-settings-controller.php(445): WC_REST_Payments_Settings_Controller->update_enabled_payment_methods()
#5 /home/katidias/public_html/wp-includes/rest-api/class-wp-rest-server.php(1181): WC_REST_Payments_Settings_Controller->update_settings()
#6 /home/katidias/public_html/wp-includes/rest-api/class-wp-rest-server.php(1028): WP_REST_Server->respond_to_request()
#7 /home/katidias/public_html/wp-includes/rest-api/class-wp-rest-server.php(442): WP_REST_Server->dispatch()
#8 /home/katidias/public_html/wp-includes/rest-api.php(410): WP_REST_Server->serve_request()
#9 /home/katidias/public_html/wp-includes/class-wp-hook.php(308): rest_api_loaded()
#10 /home/katidias/public_html/wp-includes/class-wp-hook.php(332): WP_Hook->apply_filters()
#11 /home/katidias/public_html/wp-includes/plugin.php(565): WP_Hook->do_action()
#12 /home/katidias/public_html/wp-includes/class-wp.php(399): do_action_ref_array()
#13 /home/katidias/public_html/wp-includes/class-wp.php(780): WP->parse_request()
#14 /home/katidias/public_html/wp-includes/functions.php(1334): WP->main()
#15 /home/katidias/public_html/wp-blog-header.php(16): wp()
#16 /home/katidias/public_html/index.php(17): require('/home/katidias/...')
#17 {main}
  thrown em /home/katidias/public_html/wp-content/plugins/woocommerce-payments/includes/wc-payment-api/class-wc-payments-api-client.php na linha 2009

2023-07-28T18:44:15+00:00 CRITICAL Uncaught WCPay\Exceptions\API_Exception: Error: Accounts do not currently support `card_payments` without `transfers`. Please visit https://stripe.com/docs/connect/account-capabilities#card-payments for more details. in /home/katidias/public_html/wp-content/plugins/woocommerce-payments/includes/wc-payment-api/class-wc-payments-api-client.php:2009
Stack trace:
#0 /home/katidias/public_html/wp-content/plugins/woocommerce-payments/includes/wc-payment-api/class-wc-payments-api-client.php(1835): WC_Payments_API_Client->check_response_for_errors()
#1 /home/katidias/public_html/wp-content/plugins/woocommerce-payments/includes/wc-payment-api/class-wc-payments-api-client.php(876): WC_Payments_API_Client->request()
#2 /home/katidias/public_html/wp-content/plugins/woocommerce-payments/includes/admin/class-wc-rest-payments-settings-controller.php(554): WC_Payments_API_Client->request_capability()
#3 /home/katidias/public_html/wp-content/plugins/woocommerce-payments/includes/admin/class-wc-rest-payments-settings-controller.php(535): WC_REST_Payments_Settings_Controller->request_unrequested_payment_methods()
#4 /home/katidias/public_html/wp-content/plugins/woocommerce-payments/includes/admin/class-wc-rest-payments-settings-controller.php(445): WC_REST_Payments_Settings_Controller->update_enabled_payment_methods()
#5 /home/katidias/public_html/wp-includes/rest-api/class-wp-rest-server.php(1181): WC_REST_Payments_Settings_Controller->update_settings()
#6 /home/katidias/public_html/wp-includes/rest-api/class-wp-rest-server.php(1028): WP_REST_Server->respond_to_request()
#7 /home/katidias/public_html/wp-includes/rest-api/class-wp-rest-server.php(442): WP_REST_Server->dispatch()
#8 /home/katidias/public_html/wp-includes/rest-api.php(410): WP_REST_Server->serve_request()
#9 /home/katidias/public_html/wp-includes/class-wp-hook.php(308): rest_api_loaded()
#10 /home/katidias/public_html/wp-includes/class-wp-hook.php(332): WP_Hook->apply_filters()
#11 /home/katidias/public_html/wp-includes/plugin.php(565): WP_Hook->do_action()
#12 /home/katidias/public_html/wp-includes/class-wp.php(399): do_action_ref_array()
#13 /home/katidias/public_html/wp-includes/class-wp.php(780): WP->parse_request()
#14 /home/katidias/public_html/wp-includes/functions.php(1334): WP->main()
#15 /home/katidias/public_html/wp-blog-header.php(16): wp()
#16 /home/katidias/public_html/index.php(17): require('/home/katidias/...')
#17 {main}
  thrown em /home/katidias/public_html/wp-content/plugins/woocommerce-payments/includes/wc-payment-api/class-wc-payments-api-client.php na linha 2009

2023-07-28T18:44:22+00:00 CRITICAL Uncaught WCPay\Exceptions\API_Exception: Error: Accounts do not currently support `card_payments` without `transfers`. Please visit https://stripe.com/docs/connect/account-capabilities#card-payments for more details. in /home/katidias/public_html/wp-content/plugins/woocommerce-payments/includes/wc-payment-api/class-wc-payments-api-client.php:2009
Stack trace:
#0 /home/katidias/public_html/wp-content/plugins/woocommerce-payments/includes/wc-payment-api/class-wc-payments-api-client.php(1835): WC_Payments_API_Client->check_response_for_errors()
#1 /home/katidias/public_html/wp-content/plugins/woocommerce-payments/includes/wc-payment-api/class-wc-payments-api-client.php(876): WC_Payments_API_Client->request()
#2 /home/katidias/public_html/wp-content/plugins/woocommerce-payments/includes/admin/class-wc-rest-payments-settings-controller.php(554): WC_Payments_API_Client->request_capability()
#3 /home/katidias/public_html/wp-content/plugins/woocommerce-payments/includes/admin/class-wc-rest-payments-settings-controller.php(535): WC_REST_Payments_Settings_Controller->request_unrequested_payment_methods()
#4 /home/katidias/public_html/wp-content/plugins/woocommerce-payments/includes/admin/class-wc-rest-payments-settings-controller.php(445): WC_REST_Payments_Settings_Controller->update_enabled_payment_methods()
#5 /home/katidias/public_html/wp-includes/rest-api/class-wp-rest-server.php(1181): WC_REST_Payments_Settings_Controller->update_settings()
#6 /home/katidias/public_html/wp-includes/rest-api/class-wp-rest-server.php(1028): WP_REST_Server->respond_to_request()
#7 /home/katidias/public_html/wp-includes/rest-api/class-wp-rest-server.php(442): WP_REST_Server->dispatch()
#8 /home/katidias/public_html/wp-includes/rest-api.php(410): WP_REST_Server->serve_request()
#9 /home/katidias/public_html/wp-includes/class-wp-hook.php(308): rest_api_loaded()
#10 /home/katidias/public_html/wp-includes/class-wp-hook.php(332): WP_Hook->apply_filters()
#11 /home/katidias/public_html/wp-includes/plugin.php(565): WP_Hook->do_action()
#12 /home/katidias/public_html/wp-includes/class-wp.php(399): do_action_ref_array()
#13 /home/katidias/public_html/wp-includes/class-wp.php(780): WP->parse_request()
#14 /home/katidias/public_html/wp-includes/functions.php(1334): WP->main()
#15 /home/katidias/public_html/wp-blog-header.php(16): wp()
#16 /home/katidias/public_html/index.php(17): require('/home/katidias/...')
#17 {main}
  thrown em /home/katidias/public_html/wp-content/plugins/woocommerce-payments/includes/wc-payment-api/class-wc-payments-api-client.php na linha 2009

2023-07-28T18:46:10+00:00 CRITICAL Uncaught WCPay\Exceptions\API_Exception: Error: Accounts do not currently support `card_payments` without `transfers`. Please visit https://stripe.com/docs/connect/account-capabilities#card-payments for more details. in /home/katidias/public_html/wp-content/plugins/woocommerce-payments/includes/wc-payment-api/class-wc-payments-api-client.php:2009
Stack trace:
#0 /home/katidias/public_html/wp-content/plugins/woocommerce-payments/includes/wc-payment-api/class-wc-payments-api-client.php(1835): WC_Payments_API_Client->check_response_for_errors()
#1 /home/katidias/public_html/wp-content/plugins/woocommerce-payments/includes/wc-payment-api/class-wc-payments-api-client.php(876): WC_Payments_API_Client->request()
#2 /home/katidias/public_html/wp-content/plugins/woocommerce-payments/includes/admin/class-wc-rest-payments-settings-controller.php(554): WC_Payments_API_Client->request_capability()
#3 /home/katidias/public_html/wp-content/plugins/woocommerce-payments/includes/admin/class-wc-rest-payments-settings-controller.php(535): WC_REST_Payments_Settings_Controller->request_unrequested_payment_methods()
#4 /home/katidias/public_html/wp-content/plugins/woocommerce-payments/includes/admin/class-wc-rest-payments-settings-controller.php(445): WC_REST_Payments_Settings_Controller->update_enabled_payment_methods()
#5 /home/katidias/public_html/wp-includes/rest-api/class-wp-rest-server.php(1181): WC_REST_Payments_Settings_Controller->update_settings()
#6 /home/katidias/public_html/wp-includes/rest-api/class-wp-rest-server.php(1028): WP_REST_Server->respond_to_request()
#7 /home/katidias/public_html/wp-includes/rest-api/class-wp-rest-server.php(442): WP_REST_Server->dispatch()
#8 /home/katidias/public_html/wp-includes/rest-api.php(410): WP_REST_Server->serve_request()
#9 /home/katidias/public_html/wp-includes/class-wp-hook.php(308): rest_api_loaded()
#10 /home/katidias/public_html/wp-includes/class-wp-hook.php(332): WP_Hook->apply_filters()
#11 /home/katidias/public_html/wp-includes/plugin.php(565): WP_Hook->do_action()
#12 /home/katidias/public_html/wp-includes/class-wp.php(399): do_action_ref_array()
#13 /home/katidias/public_html/wp-includes/class-wp.php(780): WP->parse_request()
#14 /home/katidias/public_html/wp-includes/functions.php(1334): WP->main()
#15 /home/katidias/public_html/wp-blog-header.php(16): wp()
#16 /home/katidias/public_html/index.php(17): require('/home/katidias/...')
#17 {main}
  thrown em /home/katidias/public_html/wp-content/plugins/woocommerce-payments/includes/wc-payment-api/class-wc-payments-api-client.php na linha 2009

2023-07-28T18:46:21+00:00 CRITICAL Uncaught WCPay\Exceptions\API_Exception: Error: Accounts do not currently support `card_payments` without `transfers`. Please visit https://stripe.com/docs/connect/account-capabilities#card-payments for more details. in /home/katidias/public_html/wp-content/plugins/woocommerce-payments/includes/wc-payment-api/class-wc-payments-api-client.php:2009
Stack trace:
#0 /home/katidias/public_html/wp-content/plugins/woocommerce-payments/includes/wc-payment-api/class-wc-payments-api-client.php(1835): WC_Payments_API_Client->check_response_for_errors()
#1 /home/katidias/public_html/wp-content/plugins/woocommerce-payments/includes/wc-payment-api/class-wc-payments-api-client.php(876): WC_Payments_API_Client->request()
#2 /home/katidias/public_html/wp-content/plugins/woocommerce-payments/includes/admin/class-wc-rest-payments-settings-controller.php(554): WC_Payments_API_Client->request_capability()
#3 /home/katidias/public_html/wp-content/plugins/woocommerce-payments/includes/admin/class-wc-rest-payments-settings-controller.php(535): WC_REST_Payments_Settings_Controller->request_unrequested_payment_methods()
#4 /home/katidias/public_html/wp-content/plugins/woocommerce-payments/includes/admin/class-wc-rest-payments-settings-controller.php(445): WC_REST_Payments_Settings_Controller->update_enabled_payment_methods()
#5 /home/katidias/public_html/wp-includes/rest-api/class-wp-rest-server.php(1181): WC_REST_Payments_Settings_Controller->update_settings()
#6 /home/katidias/public_html/wp-includes/rest-api/class-wp-rest-server.php(1028): WP_REST_Server->respond_to_request()
#7 /home/katidias/public_html/wp-includes/rest-api/class-wp-rest-server.php(442): WP_REST_Server->dispatch()
#8 /home/katidias/public_html/wp-includes/rest-api.php(410): WP_REST_Server->serve_request()
#9 /home/katidias/public_html/wp-includes/class-wp-hook.php(308): rest_api_loaded()
#10 /home/katidias/public_html/wp-includes/class-wp-hook.php(332): WP_Hook->apply_filters()
#11 /home/katidias/public_html/wp-includes/plugin.php(565): WP_Hook->do_action()
#12 /home/katidias/public_html/wp-includes/class-wp.php(399): do_action_ref_array()
#13 /home/katidias/public_html/wp-includes/class-wp.php(780): WP->parse_request()
#14 /home/katidias/public_html/wp-includes/functions.php(1334): WP->main()
#15 /home/katidias/public_html/wp-blog-header.php(16): wp()
#16 /home/katidias/public_html/index.php(17): require('/home/katidias/...')
#17 {main}
  thrown em /home/katidias/public_html/wp-content/plugins/woocommerce-payments/includes/wc-payment-api/class-wc-payments-api-client.php na linha 2009

2023-07-28T18:49:44+00:00 CRITICAL Uncaught Error: Call to undefined function PHPMailer\PHPMailer\mail() in /home/katidias/public_html/wp-includes/PHPMailer/PHPMailer.php:874
Stack trace:
#0 /home/katidias/public_html/wp-includes/PHPMailer/PHPMailer.php(1961): PHPMailer\PHPMailer\PHPMailer->mailPassthru()
#1 /home/katidias/public_html/wp-includes/PHPMailer/PHPMailer.php(1682): PHPMailer\PHPMailer\PHPMailer->mailSend()
#2 /home/katidias/public_html/wp-includes/PHPMailer/PHPMailer.php(1518): PHPMailer\PHPMailer\PHPMailer->postSend()
#3 /home/katidias/public_html/wp-includes/pluggable.php(544): PHPMailer\PHPMailer\PHPMailer->send()
#4 /home/katidias/public_html/wp-content/plugins/woocommerce/includes/emails/class-wc-email.php(704): wp_mail()
#5 /home/katidias/public_html/wp-content/plugins/woocommerce/includes/emails/class-wc-email-customer-completed-order.php(69): WC_Email->send()
#6 /home/katidias/public_html/wp-includes/class-wp-hook.php(308): WC_Email_Customer_Completed_Order->trigger()
#7 /home/katidias/public_html/wp-includes/class-wp-hook.php(332): WP_Hook->apply_filters()
#8 /home/katidias/public_html/wp-includes/plugin.php(565): WP_Hook->do_action()
#9 /home/katidias/public_html/wp-content/plugins/woocommerce/includes/class-wc-emails.php(170): do_action_ref_array()
#10 /home/katidias/public_html/wp-includes/class-wp-hook.php(308): WC_Emails::send_transactional_email()
#11 /home/katidias/public_html/wp-includes/class-wp-hook.php(332): WP_Hook->apply_filters()
#12 /home/katidias/public_html/wp-includes/plugin.php(517): WP_Hook->do_action()
#13 /home/katidias/public_html/wp-content/plugins/woocommerce/includes/class-wc-order.php(395): do_action()
#14 /home/katidias/public_html/wp-content/plugins/woocommerce/includes/class-wc-order.php(253): WC_Order->status_transition()
#15 /home/katidias/public_html/wp-content/plugins/woocommerce/includes/class-wc-order.php(151): WC_Order->save()
#16 /home/katidias/public_html/wp-content/plugins/woocommerce-gateway-stripe/includes/abstracts/abstract-wc-stripe-payment-gateway.php(547): WC_Order->payment_complete()
#17 /home/katidias/public_html/wp-content/plugins/woocommerce-gateway-stripe/includes/class-wc-gateway-stripe.php(470): WC_Stripe_Payment_Gateway->process_response()
#18 /home/katidias/public_html/wp-content/plugins/woocommerce/includes/class-wc-checkout.php(1050): WC_Gateway_Stripe->process_payment()
#19 /home/katidias/public_html/wp-content/plugins/woocommerce/includes/class-wc-checkout.php(1279): WC_Checkout->process_order_payment()
#20 /home/katidias/public_html/wp-content/plugins/woocommerce/includes/class-wc-ajax.php(508): WC_Checkout->process_checkout()
#21 /home/katidias/public_html/wp-includes/class-wp-hook.php(308): WC_AJAX::checkout()
#22 /home/katidias/public_html/wp-includes/class-wp-hook.php(332): WP_Hook->apply_filters()
#23 /home/katidias/public_html/wp-includes/plugin.php(517): WP_Hook->do_action()
#24 /home/katidias/public_html/wp-content/plugins/woocommerce/includes/class-wc-ajax.php(96): do_action()
#25 /home/katidias/public_html/wp-includes/class-wp-hook.php(308): WC_AJAX::do_wc_ajax()
#26 /home/katidias/public_html/wp-includes/class-wp-hook.php(332): WP_Hook->apply_filters()
#27 /home/katidias/public_html/wp-includes/plugin.php(517): WP_Hook->do_action()
#28 /home/katidias/public_html/wp-includes/template-loader.php(13): do_action()
#29 /home/katidias/public_html/wp-blog-header.php(19): require_once('/home/katidias/...')
#30 /home/katidias/public_html/index.php(17): require('/home/katidias/...')
#31 {main}
  thrown em /home/katidias/public_html/wp-includes/PHPMailer/PHPMailer.php na linha 874
